<?xml version="1.0" encoding="UTF-8"?>
<!-- Generated by org.testng.reporters.JUnitReportReporter -->
<testsuite skipped="0" hostname="MacBook-Pro-Apple.local" name="selenium.SysTest" tests="6" failures="0" timestamp="22 Apr 2020 09:38:13 GMT" time="50.758" errors="0">
  <testcase name="linkNavigationTest" time="6.630" classname="selenium.SysTest"/>
  <testcase name="departmentEditTest" time="7.401" classname="selenium.SysTest"/>
  <testcase name="departmentPositionEditTest" time="9.472" classname="selenium.SysTest"/>
  <testcase name="postypeEditTest" time="8.222" classname="selenium.SysTest"/>
  <testcase name="workerEditTest" time="10.591" classname="selenium.SysTest"/>
  <testcase name="vacancyPositionEditTest" time="8.442" classname="selenium.SysTest"/>
</testsuite> <!-- selenium.SysTest -->
