<?xml version="1.0" encoding="UTF-8"?>
<!-- Generated by org.testng.reporters.JUnitReportReporter -->
<testsuite hostname="MacBook-Pro-Apple.local" failures="0" tests="4" name="test.WorkPositionTest" time="0.168" errors="0" timestamp="24 Mar 2020 14:17:42 GMT" skipped="0">
  <testcase classname="test.WorkPositionTest" name="deleteWorkPosition" time="0.038"/>
  <testcase classname="test.WorkPositionTest" name="getWorkPosition" time="0.060"/>
  <testcase classname="test.WorkPositionTest" name="updateWorkPosition" time="0.034"/>
  <testcase classname="test.WorkPositionTest" name="addWorkPosition" time="0.036"/>
</testsuite> <!-- test.WorkPositionTest -->
