<?xml version="1.0" encoding="UTF-8"?>
<!-- Generated by org.testng.reporters.JUnitReportReporter -->
<testsuite hostname="MacBook-Pro-Apple.local" failures="0" tests="4" name="test.DepartmentTest" time="0.079" errors="0" timestamp="24 Mar 2020 14:17:42 GMT" skipped="0">
  <testcase classname="test.DepartmentTest" name="deleteDepartment" time="0.003"/>
  <testcase classname="test.DepartmentTest" name="updateDepartment" time="0.016"/>
  <testcase classname="test.DepartmentTest" name="addDepartment" time="0.039"/>
  <testcase classname="test.DepartmentTest" name="getDepartment" time="0.021"/>
</testsuite> <!-- test.DepartmentTest -->
