<?xml version="1.0" encoding="UTF-8"?>
<!-- Generated by org.testng.reporters.JUnitReportReporter -->
<testsuite hostname="MacBook-Pro-Apple.local" failures="0" tests="4" name="test.WorkerTest" time="0.547" errors="0" timestamp="24 Mar 2020 14:17:42 GMT" skipped="0">
  <testcase classname="test.WorkerTest" name="updateWorker" time="0.083"/>
  <testcase classname="test.WorkerTest" name="deleteWorker" time="0.044"/>
  <testcase classname="test.WorkerTest" name="getWorker" time="0.383"/>
  <testcase classname="test.WorkerTest" name="addWorker" time="0.037"/>
</testsuite> <!-- test.WorkerTest -->
