<?xml version="1.0" encoding="UTF-8"?>
<!-- Generated by org.testng.reporters.JUnitReportReporter -->
<testsuite hostname="MacBook-Pro-Apple.local" failures="0" tests="4" name="test.WorkPositionTest" time="0.048" errors="0" timestamp="24 Mar 2020 14:07:30 GMT" skipped="0">
  <testcase classname="test.WorkPositionTest" name="deleteWorkPosition" time="0.006"/>
  <testcase classname="test.WorkPositionTest" name="getWorkPosition" time="0.035"/>
  <testcase classname="test.WorkPositionTest" name="updateWorkPosition" time="0.003"/>
  <testcase classname="test.WorkPositionTest" name="addWorkPosition" time="0.004"/>
</testsuite> <!-- test.WorkPositionTest -->
