<?xml version="1.0" encoding="UTF-8"?>
<!-- Generated by org.testng.reporters.JUnitReportReporter -->
<testsuite hostname="MacBook-Pro-Apple.local" failures="0" tests="4" name="test.DepartmentTest" time="0.022" errors="0" timestamp="24 Mar 2020 14:07:30 GMT" skipped="0">
  <testcase classname="test.DepartmentTest" name="deleteDepartment" time="0.003"/>
  <testcase classname="test.DepartmentTest" name="updateDepartment" time="0.001"/>
  <testcase classname="test.DepartmentTest" name="addDepartment" time="0.003"/>
  <testcase classname="test.DepartmentTest" name="getDepartment" time="0.015"/>
</testsuite> <!-- test.DepartmentTest -->
