<?xml version="1.0" encoding="UTF-8"?>
<!-- Generated by org.testng.reporters.JUnitReportReporter -->
<testsuite hostname="MacBook-Pro-Apple.local" failures="0" tests="4" name="test.PositionTypeTest" time="0.012" errors="0" timestamp="24 Mar 2020 14:07:30 GMT" skipped="0">
  <testcase classname="test.PositionTypeTest" name="addPositionType" time="0.003"/>
  <testcase classname="test.PositionTypeTest" name="deletePositionType" time="0.002"/>
  <testcase classname="test.PositionTypeTest" name="getPositionType" time="0.006"/>
  <testcase classname="test.PositionTypeTest" name="updatePositionType" time="0.001"/>
</testsuite> <!-- test.PositionTypeTest -->
